<?xml version="1.0" encoding="UTF-8"?>
<!-- Generated by org.testng.reporters.JUnitReportReporter -->
<testsuite hostname="DESKTOP-CVL2K4K" failures="0" tests="1" name="week4.day4.DuplicateLead" time="15.314" errors="0" timestamp="2025-01-09T11:36:50 IST" skipped="0">
  <testcase classname="week4.day4.DuplicateLead" name="DuLead" time="15.314"/>
</testsuite> <!-- week4.day4.DuplicateLead -->
