<?xml version="1.0" encoding="UTF-8"?>
<!-- Generated by org.testng.reporters.JUnitReportReporter -->
<testsuite hostname="DESKTOP-CVL2K4K" failures="0" tests="1" name="week4.day3.DeleteLead" time="13.309" errors="0" timestamp="2025-01-08T14:29:30 IST" skipped="0">
  <testcase classname="week4.day3.DeleteLead" name="DLead" time="13.309"/>
</testsuite> <!-- week4.day3.DeleteLead -->
