<?xml version="1.0" encoding="UTF-8"?>
<!-- Generated by org.testng.reporters.JUnitReportReporter -->
<testsuite hostname="DESKTOP-CVL2K4K" failures="0" tests="1" name="week4.day2.TestNG" time="6.215" errors="0" timestamp="2025-01-28T16:07:38 IST" skipped="0">
  <testcase classname="week4.day2.TestNG" name="loginPage" time="6.215"/>
</testsuite> <!-- week4.day2.TestNG -->
