<?xml version="1.0" encoding="UTF-8"?>
<!-- Generated by org.testng.reporters.JUnitReportReporter -->
<testsuite hostname="DESKTOP-CVL2K4K" failures="0" tests="1" name="week4.day4.CreateNewLegalEntity" time="24.182" errors="0" timestamp="2025-01-15T16:07:53 IST" skipped="0">
  <testcase classname="week4.day4.CreateNewLegalEntity" name="NewLegalEntity" time="24.182"/>
</testsuite> <!-- week4.day4.CreateNewLegalEntity -->
