<?xml version="1.0" encoding="UTF-8"?>
<!-- Generated by org.testng.reporters.JUnitReportReporter -->
<testsuite hostname="DESKTOP-CVL2K4K" failures="0" tests="1" name="week5.day1.EditLead" time="15.366" errors="0" timestamp="2025-01-15T16:54:16 IST" skipped="0">
  <testcase classname="week5.day1.EditLead" name="ELead" time="15.366"/>
</testsuite> <!-- week5.day1.EditLead -->
