<?xml version="1.0" encoding="UTF-8"?>
<!-- Generated by org.testng.reporters.JUnitReportReporter -->
<testsuite hostname="DESKTOP-CVL2K4K" failures="0" tests="2" name="week6.day1.EditLead" time="27.663" errors="0" timestamp="2025-01-20T12:54:48 IST" skipped="0">
  <testcase classname="week6.day1.EditLead" name="ELead" time="14.010"/>
  <testcase classname="week6.day1.EditLead" name="ELead" time="13.653"/>
</testsuite> <!-- week6.day1.EditLead -->
