<?xml version="1.0" encoding="UTF-8"?>
<!-- Generated by org.testng.reporters.JUnitReportReporter -->
<testsuite hostname="DESKTOP-CVL2K4K" failures="0" tests="1" name="week7day5.DeleteAccountSalesforce" time="25.869" errors="0" timestamp="2025-01-24T15:47:33 IST" skipped="0">
  <testcase classname="week7day5.DeleteAccountSalesforce" name="DeletAccount" time="25.869"/>
</testsuite> <!-- week7day5.DeleteAccountSalesforce -->
