<?xml version="1.0" encoding="UTF-8"?>
<!-- Generated by org.testng.reporters.JUnitReportReporter -->
<testsuite hostname="DESKTOP-CVL2K4K" failures="0" tests="3" name="week5.day1.CreateLead" time="43.326" errors="0" timestamp="2025-01-15T16:54:16 IST" skipped="0">
  <testcase classname="week5.day1.CreateLead" name="CLead" time="15.155"/>
  <testcase classname="week5.day1.CreateLead" name="CLead" time="13.438"/>
  <testcase classname="week5.day1.CreateLead" name="CLead" time="14.733"/>
</testsuite> <!-- week5.day1.CreateLead -->
