<?xml version="1.0" encoding="UTF-8"?>
<!-- Generated by org.testng.reporters.JUnitReportReporter -->
<testsuite hostname="DESKTOP-CVL2K4K" failures="0" tests="1" name="week5.day1.LegalEntityStatusUpdate" time="33.922" errors="0" timestamp="2025-01-16T11:14:30 IST" skipped="0">
  <testcase classname="week5.day1.LegalEntityStatusUpdate" name="EntityStatusUpdate" time="33.922"/>
</testsuite> <!-- week5.day1.LegalEntityStatusUpdate -->
