<?xml version="1.0" encoding="UTF-8"?>
<!-- Generated by org.testng.reporters.JUnitReportReporter -->
<testsuite hostname="DESKTOP-CVL2K4K" failures="0" tests="3" name="runner.Runner$TestRunner" time="21.539" errors="0" timestamp="2025-01-22T13:05:48 IST" skipped="0">
  <testcase classname="runner.Runner$TestRunner" name="runScenario" time="5.722"/>
  <testcase classname="runner.Runner$TestRunner" name="runScenario" time="9.764"/>
  <testcase classname="runner.Runner$TestRunner" name="runScenario" time="6.053"/>
</testsuite> <!-- runner.Runner$TestRunner -->
